2012-03-01 14:19:46  NEW CLIENT! ALL: 0
2012-03-01 14:19:46  GAME (IN DATA): zeonize_me magma
{"you":1,"data":{"0":-1}}

{"cid":1,"nick":"magma"}

2012-03-01 14:19:46  LINK id1 WITH BLOCK0
2012-03-01 14:20:10  world saved
2012-03-01 14:21:10  world saved
2012-03-01 14:22:10  world saved
2012-03-01 14:23:10  world saved
2012-03-01 14:24:10  world saved
2012-03-01 14:25:10  world saved
2012-03-01 14:26:10  world saved
2012-03-01 14:27:10  world saved
2012-03-01 14:28:10  world saved
2012-03-01 14:29:10  world saved
2012-03-01 14:30:10  world saved
2012-03-01 14:30:58  NEW CLIENT! ALL: 1
2012-03-01 14:30:58  sending cross-domain-policy for sockets
2012-03-01 14:30:58  NEW CLIENT! ALL: 1
2012-03-01 14:30:58  GAME (IN DATA): zeonize_me ty
{"you":2,"data":{"0":-1,"1":"magma"}}

{"cid":2,"nick":"ty"}

2012-03-01 14:30:58  LINK id2 WITH BLOCK0
2012-03-01 14:31:10  world saved
2012-03-01 14:31:27 2 left
{"cid":2}

2012-03-01 14:31:37  NEW CLIENT! ALL: 1
2012-03-01 14:31:37  sending cross-domain-policy for sockets
2012-03-01 14:31:37  NEW CLIENT! ALL: 1
2012-03-01 14:31:37  GAME (IN DATA): zeonize_me rex
{"you":2,"data":{"0":-1,"1":"magma"}}

{"cid":2,"nick":"rex"}

2012-03-01 14:31:37  LINK id2 WITH BLOCK0
2012-03-01 14:32:10  world saved
2012-03-01 14:33:10  world saved
2012-03-01 14:34:10  world saved
2012-03-01 14:35:10  world saved
2012-03-01 14:36:10  world saved
2012-03-01 14:37:10  world saved
2012-03-01 14:38:10  world saved
2012-03-01 14:39:10  world saved
2012-03-01 14:40:10  world saved
2012-03-01 14:41:10  world saved
2012-03-01 14:42:10  world saved
2012-03-01 14:43:10  world saved
2012-03-01 14:44:10  world saved
2012-03-01 14:45:10  world saved
2012-03-01 14:46:10  world saved
2012-03-01 14:47:10  world saved
2012-03-01 14:48:10  world saved
2012-03-01 14:49:10  world saved
2012-03-01 14:50:10  world saved
2012-03-01 14:51:10  world saved
2012-03-01 14:52:10  world saved
2012-03-01 14:53:10  world saved
2012-03-01 14:54:10  world saved
2012-03-01 14:55:10  world saved
2012-03-01 14:55:18 1 left
{"cid":1}

2012-03-01 14:55:51  NEW CLIENT! ALL: 1
2012-03-01 14:55:51  GAME (IN DATA): zeonize_me 3
{"you":1,"data":{"0":-1,"2":"rex"}}

{"cid":1,"nick":"3"}

2012-03-01 14:55:51  LINK id1 WITH BLOCK0
2012-03-01 14:56:10  world saved
2012-03-01 14:56:38 1 left
{"cid":1}

2012-03-01 14:57:10  world saved
2012-03-01 14:58:10  world saved
2012-03-01 14:59:10  world saved
2012-03-01 15:00:10  world saved
2012-03-01 15:01:10  world saved
2012-03-01 15:02:10  world saved
2012-03-01 15:03:10  world saved
2012-03-01 15:04:10  world saved
2012-03-01 15:05:10  world saved
2012-03-01 15:06:10  world saved
2012-03-01 15:07:10  world saved
2012-03-01 15:08:10  world saved
2012-03-01 15:09:10  world saved
2012-03-01 15:10:10  world saved
2012-03-01 15:11:10  world saved
2012-03-01 15:12:10  world saved
2012-03-01 15:13:10  world saved
2012-03-01 15:14:10  world saved
2012-03-01 15:15:10  world saved
2012-03-01 15:16:10  world saved
2012-03-01 15:17:10  world saved
2012-03-01 15:18:10  world saved
2012-03-01 15:19:10  world saved
2012-03-01 15:20:10  world saved
2012-03-01 15:21:10  world saved
2012-03-01 15:22:10  world saved
2012-03-01 15:23:10  world saved
2012-03-01 15:24:10  world saved
2012-03-01 15:25:10  world saved
2012-03-01 15:26:10  world saved
2012-03-01 15:27:10  world saved
2012-03-01 15:28:10  world saved
2012-03-01 15:29:10  world saved
2012-03-01 15:30:10  world saved
2012-03-01 15:31:10  world saved
2012-03-01 15:32:10  world saved
2012-03-01 15:33:10  world saved
2012-03-01 15:34:10  world saved
2012-03-01 15:35:10  world saved
2012-03-01 15:36:10  world saved
2012-03-01 15:37:10  world saved
2012-03-01 15:38:10  world saved
2012-03-01 15:39:10  world saved
2012-03-01 15:40:10  world saved
2012-03-01 15:41:10  world saved
2012-03-01 15:42:10  world saved
2012-03-01 15:42:45  NEW CLIENT! ALL: 1
2012-03-01 15:42:45  GAME (IN DATA): zeonize_me 45
{"you":1,"data":{"0":-1,"2":"rex"}}

{"cid":1,"nick":"45"}

2012-03-01 15:42:45  LINK id1 WITH BLOCK0
2012-03-01 15:43:10  world saved
2012-03-01 15:44:10  world saved
2012-03-01 15:45:10  world saved
2012-03-01 15:46:10  world saved
2012-03-01 15:47:10  world saved
2012-03-01 15:48:10  world saved
2012-03-01 15:49:10  world saved
2012-03-01 15:50:10  world saved
2012-03-01 15:50:37  ERROR: Error: read ETIMEDOUT
2012-03-01 15:50:37 2 left
{"cid":2}

2012-03-01 15:51:10  world saved
2012-03-01 15:52:10  world saved
2012-03-01 15:53:10  world saved
2012-03-01 15:54:10  world saved
2012-03-01 15:55:10  world saved
2012-03-01 15:56:10  world saved
2012-03-01 15:57:10  world saved
2012-03-01 15:58:10  world saved
2012-03-01 15:59:10  world saved
2012-03-01 16:00:10  world saved
2012-03-01 16:01:10  world saved
2012-03-01 16:02:10  world saved
2012-03-01 16:03:10  world saved
2012-03-01 16:04:10  world saved
2012-03-01 16:05:10  world saved
2012-03-01 16:06:10  world saved
2012-03-01 16:07:10  world saved
2012-03-01 16:08:10  world saved
2012-03-01 16:09:10  world saved
2012-03-01 16:09:47  ERROR: Error: read ETIMEDOUT
2012-03-01 16:09:47 1 left
{"cid":1}

2012-03-01 16:10:10  world saved
2012-03-01 16:11:10  world saved
2012-03-01 16:12:10  world saved
2012-03-01 16:12:39  NEW CLIENT! ALL: 0
2012-03-01 16:12:39  sending cross-domain-policy for sockets
2012-03-01 16:12:39  NEW CLIENT! ALL: 0
2012-03-01 16:12:39  GAME (IN DATA): zeonize_me Vasso
{"you":1,"data":{"0":-1}}

{"cid":1,"nick":"Vasso"}

2012-03-01 16:12:39  LINK id1 WITH BLOCK0
2012-03-01 16:13:10  world saved
2012-03-01 16:14:10  world saved
2012-03-01 16:15:10  world saved
2012-03-01 16:16:10  world saved
2012-03-01 16:17:10  world saved
2012-03-01 16:18:10  world saved
2012-03-01 16:19:10  world saved
2012-03-01 16:20:10  world saved
2012-03-01 16:21:10  world saved
2012-03-01 16:22:10  world saved
2012-03-01 16:23:10  world saved
2012-03-01 16:24:10  world saved
2012-03-01 16:25:10  world saved
2012-03-01 16:26:10  world saved
2012-03-01 16:27:10  world saved
2012-03-01 16:28:10  world saved
2012-03-01 16:28:52  NEW CLIENT! ALL: 1
2012-03-01 16:28:52  sending cross-domain-policy for sockets
2012-03-01 16:28:52  NEW CLIENT! ALL: 1
2012-03-01 16:28:52  GAME (IN DATA): zeonize_me myachin
{"you":2,"data":{"0":-1,"1":"Vasso"}}

{"cid":2,"nick":"myachin"}

2012-03-01 16:28:52  LINK id2 WITH BLOCK0
2012-03-01 16:29:10  world saved
2012-03-01 16:30:10  world saved
2012-03-01 16:30:12  NEW CLIENT! ALL: 2
2012-03-01 16:30:12  sending cross-domain-policy for sockets
2012-03-01 16:31:10  world saved
2012-03-01 16:32:10  world saved
2012-03-01 16:33:10  world saved
2012-03-01 16:34:10  world saved
2012-03-01 16:34:56  NEW CLIENT! ALL: 2
2012-03-01 16:34:56  sending cross-domain-policy for sockets
2012-03-01 16:34:56  NEW CLIENT! ALL: 2
2012-03-01 16:34:56  GAME (IN DATA): zeonize_me sergey
{"you":3,"data":{"0":-1,"1":"Vasso","2":"myachin"}}

{"cid":3,"nick":"sergey"}

2012-03-01 16:34:56  LINK id3 WITH BLOCK0
2012-03-01 16:35:10  world saved
2012-03-01 16:36:10  world saved
2012-03-01 16:37:10  world saved
2012-03-01 16:38:10  world saved
2012-03-01 16:39:03  NEW CLIENT! ALL: 3
2012-03-01 16:39:03  sending cross-domain-policy for sockets
2012-03-01 16:39:03  NEW CLIENT! ALL: 3
2012-03-01 16:39:03  GAME (IN DATA): zeonize_me sergey
{"you":4,"data":{"0":-1,"1":"Vasso","2":"myachin","3":"sergey"}}

{"cid":4,"nick":"sergey"}

2012-03-01 16:39:03  LINK id4 WITH BLOCK0
2012-03-01 16:39:10  world saved
2012-03-01 16:40:10  world saved
2012-03-01 16:41:10  world saved
2012-03-01 16:42:10  world saved
2012-03-01 16:43:10  world saved
2012-03-01 16:44:10  world saved
2012-03-01 16:45:10  world saved
2012-03-01 16:45:13  ERROR: Error: read ETIMEDOUT
2012-03-01 16:45:13 2 left
{"cid":2}

2012-03-01 16:46:10  world saved
2012-03-01 16:47:10  world saved
2012-03-01 16:48:10  world saved
2012-03-01 16:49:10  world saved
2012-03-01 16:50:10  world saved
2012-03-01 16:50:58  NEW CLIENT! ALL: 3
2012-03-01 16:50:58  sending cross-domain-policy for sockets
2012-03-01 16:50:58  NEW CLIENT! ALL: 3
2012-03-01 16:50:58  GAME (IN DATA): zeonize_me хэхэй
{"you":2,"data":{"0":-1,"1":"Vasso","3":"sergey","4":"sergey"}}

{"cid":2,"nick":"хэхэй"}

2012-03-01 16:50:58  LINK id2 WITH BLOCK0
2012-03-01 16:51:10  world saved
2012-03-01 16:52:10  world saved
2012-03-01 16:52:15  ERROR: Error: read ETIMEDOUT
2012-03-01 16:52:15 3 left
{"cid":3}

2012-03-01 16:53:10  world saved
2012-03-01 16:54:10  world saved
2012-03-01 16:55:10  world saved
2012-03-01 16:55:44  ERROR: Error: read ETIMEDOUT
2012-03-01 16:55:44 4 left
{"cid":4}

2012-03-01 16:56:10  world saved
2012-03-01 16:57:10  world saved
2012-03-01 16:58:10  world saved
2012-03-01 16:59:10  world saved
2012-03-01 17:00:10  world saved
2012-03-01 17:01:10  world saved
2012-03-01 17:02:10  world saved
2012-03-01 17:03:10  world saved
2012-03-01 17:04:10  world saved
2012-03-01 17:05:10  world saved
2012-03-01 17:05:31 1 left
{"cid":1}

2012-03-01 17:06:10  world saved
2012-03-01 17:07:10  world saved
2012-03-01 17:08:10  world saved
2012-03-01 17:09:10  world saved
2012-03-01 17:10:09  ERROR: Error: read ETIMEDOUT
2012-03-01 17:10:09 2 left
{"cid":2}

2012-03-01 17:10:10  world saved
2012-03-01 17:11:10  world saved
2012-03-01 17:12:10  world saved
2012-03-01 17:13:10  world saved
2012-03-01 17:14:10  world saved
2012-03-01 17:15:10  world saved
2012-03-01 17:16:10  world saved
2012-03-01 17:17:10  world saved
2012-03-01 17:18:10  world saved
2012-03-01 17:19:10  world saved
2012-03-01 17:20:10  world saved
2012-03-01 17:21:10  world saved
2012-03-01 17:22:10  world saved
2012-03-01 17:23:10  world saved
2012-03-01 17:24:10  world saved
2012-03-01 17:25:10  world saved
2012-03-01 17:26:10  world saved
2012-03-01 17:27:10  world saved
2012-03-01 17:28:10  world saved
2012-03-01 17:29:10  world saved
2012-03-01 17:30:10  world saved
2012-03-01 17:31:10  world saved
2012-03-01 17:32:10  world saved
2012-03-01 17:33:10  world saved
2012-03-01 17:34:10  world saved
2012-03-01 17:35:10  world saved
2012-03-01 17:36:10  world saved
2012-03-01 17:37:10  world saved
2012-03-01 17:38:10  world saved
2012-03-01 17:39:10  world saved
2012-03-01 17:40:10  world saved
2012-03-01 17:41:10  world saved
2012-03-01 17:42:10  world saved
2012-03-01 17:43:10  world saved
2012-03-01 17:44:10  world saved
2012-03-01 17:45:10  world saved
2012-03-01 17:46:10  world saved
2012-03-01 17:47:10  world saved
2012-03-01 17:48:10  world saved
2012-03-01 17:49:10  world saved
2012-03-01 17:50:10  world saved
2012-03-01 17:51:10  world saved
2012-03-01 17:52:10  world saved
2012-03-01 17:53:10  world saved
2012-03-01 17:54:10  world saved
2012-03-01 17:55:10  world saved
2012-03-01 17:56:10  world saved
2012-03-01 17:57:10  world saved
2012-03-01 17:58:10  world saved
2012-03-01 17:59:10  world saved
2012-03-01 18:00:10  world saved
2012-03-01 18:01:10  world saved
2012-03-01 18:02:10  world saved
2012-03-01 18:03:10  world saved
2012-03-01 18:04:10  world saved
2012-03-01 18:05:10  world saved
2012-03-01 18:06:10  world saved
2012-03-01 18:07:10  world saved
2012-03-01 18:08:10  world saved
2012-03-01 18:09:10  world saved
2012-03-01 18:10:10  world saved
2012-03-01 18:11:10  world saved
2012-03-01 18:12:10  world saved
2012-03-01 18:13:10  world saved
2012-03-01 18:14:10  world saved
2012-03-01 18:15:10  world saved
2012-03-01 18:16:10  world saved
2012-03-01 18:17:10  world saved
2012-03-01 18:18:10  world saved
2012-03-01 18:19:10  world saved
2012-03-01 18:20:10  world saved
2012-03-01 18:21:10  world saved
2012-03-01 18:22:10  world saved
2012-03-01 18:23:10  world saved
2012-03-01 18:24:10  world saved
2012-03-01 18:25:10  world saved
2012-03-01 18:26:10  world saved
2012-03-01 18:27:10  world saved
2012-03-01 18:28:10  world saved
2012-03-01 18:29:10  world saved
2012-03-01 18:30:10  world saved
2012-03-01 18:31:10  world saved
2012-03-01 18:32:10  world saved
2012-03-01 18:33:10  world saved
2012-03-01 18:34:10  world saved
2012-03-01 18:35:10  world saved
2012-03-01 18:36:10  world saved
2012-03-01 18:37:10  world saved
2012-03-01 18:38:10  world saved
2012-03-01 18:39:10  world saved
2012-03-01 18:40:10  world saved
2012-03-01 18:41:10  world saved
2012-03-01 18:42:10  world saved
2012-03-01 18:43:10  world saved
2012-03-01 18:44:10  world saved
2012-03-01 18:45:10  world saved
2012-03-01 18:46:10  world saved
2012-03-01 18:47:10  world saved
2012-03-01 18:48:10  world saved
2012-03-01 18:49:10  world saved
2012-03-01 18:50:10  world saved
2012-03-01 18:51:10  world saved
2012-03-01 18:52:10  world saved
2012-03-01 18:53:10  world saved
2012-03-01 18:54:10  world saved
2012-03-01 18:55:10  world saved
2012-03-01 18:56:10  world saved
2012-03-01 18:57:10  world saved
2012-03-01 18:58:10  world saved
2012-03-01 18:59:10  world saved
2012-03-01 19:00:10  world saved
2012-03-01 19:01:10  world saved
2012-03-01 19:02:10  world saved
2012-03-01 19:03:10  world saved
2012-03-01 19:04:10  world saved
2012-03-01 19:05:10  world saved
2012-03-01 19:06:10  world saved
2012-03-01 19:07:10  world saved
2012-03-01 19:08:10  world saved
2012-03-01 19:09:10  world saved
2012-03-01 19:10:10  world saved
2012-03-01 19:11:10  world saved
2012-03-01 19:12:10  world saved
2012-03-01 19:13:10  world saved
2012-03-01 19:14:10  world saved
2012-03-01 19:15:10  world saved
2012-03-01 19:16:10  world saved
2012-03-01 19:17:10  world saved
2012-03-01 19:18:10  world saved
2012-03-01 19:19:10  world saved
2012-03-01 19:20:10  world saved
2012-03-01 19:21:10  world saved
2012-03-01 19:22:10  world saved
2012-03-01 19:23:10  world saved
2012-03-01 19:24:10  world saved
2012-03-01 19:25:10  world saved
2012-03-01 19:26:10  world saved
2012-03-01 19:27:10  world saved
2012-03-01 19:28:10  world saved
2012-03-01 19:29:10  world saved
2012-03-01 19:30:10  world saved
2012-03-01 19:31:10  world saved
2012-03-01 19:32:10  world saved
2012-03-01 19:33:10  world saved
2012-03-01 19:34:10  world saved
2012-03-01 19:35:10  world saved
2012-03-01 19:36:10  world saved
2012-03-01 19:37:10  world saved
2012-03-01 19:38:10  world saved
2012-03-01 19:39:10  world saved
2012-03-01 19:40:10  world saved
2012-03-01 19:41:10  world saved
2012-03-01 19:42:10  world saved
2012-03-01 19:43:10  world saved
2012-03-01 19:44:10  world saved
2012-03-01 19:45:10  world saved
2012-03-01 19:46:10  world saved
2012-03-01 19:47:10  world saved
2012-03-01 19:48:10  world saved
2012-03-01 19:49:10  world saved
2012-03-01 19:50:10  world saved
2012-03-01 19:51:10  world saved
2012-03-01 19:52:10  world saved
2012-03-01 19:53:10  world saved
2012-03-01 19:54:10  world saved
2012-03-01 19:55:10  world saved
2012-03-01 19:56:10  world saved
2012-03-01 19:57:10  world saved
2012-03-01 19:58:10  world saved
2012-03-01 19:59:10  world saved
2012-03-01 20:00:10  world saved
2012-03-01 20:01:10  world saved
2012-03-01 20:02:10  world saved
2012-03-01 20:03:10  world saved
2012-03-01 20:04:10  world saved
2012-03-01 20:05:10  world saved
2012-03-01 20:06:10  world saved
2012-03-01 20:07:10  world saved
2012-03-01 20:08:10  world saved
2012-03-01 20:09:10  world saved
2012-03-01 20:10:10  world saved
2012-03-01 20:11:10  world saved
2012-03-01 20:12:10  world saved
2012-03-01 20:13:10  world saved
2012-03-01 20:14:10  world saved
2012-03-01 20:15:10  world saved
2012-03-01 20:16:10  world saved
2012-03-01 20:17:10  world saved
2012-03-01 20:18:10  world saved
2012-03-01 20:19:10  world saved
2012-03-01 20:20:10  world saved
2012-03-01 20:21:10  world saved
2012-03-01 20:22:10  world saved
2012-03-01 20:23:10  world saved
2012-03-01 20:24:10  world saved
2012-03-01 20:25:10  world saved
2012-03-01 20:26:10  world saved
2012-03-01 20:27:10  world saved
2012-03-01 20:28:10  world saved
2012-03-01 20:29:10  world saved
2012-03-01 20:30:10  world saved
2012-03-01 20:31:10  world saved
2012-03-01 20:32:10  world saved
2012-03-01 20:33:10  world saved
2012-03-01 20:34:10  world saved
2012-03-01 20:35:10  world saved
2012-03-01 20:36:10  world saved
2012-03-01 20:37:10  world saved
2012-03-01 20:38:10  world saved
2012-03-01 20:39:10  world saved
2012-03-01 20:40:10  world saved
2012-03-01 20:41:10  world saved
2012-03-01 20:42:10  world saved
2012-03-01 20:43:10  world saved
2012-03-01 20:44:10  world saved
2012-03-01 20:45:10  world saved
2012-03-01 20:46:10  world saved
2012-03-01 20:47:10  world saved
2012-03-01 20:48:10  world saved
2012-03-01 20:49:10  world saved
2012-03-01 20:50:10  world saved
2012-03-01 20:51:10  world saved
2012-03-01 20:52:10  world saved
2012-03-01 20:53:10  world saved
2012-03-01 20:54:10  world saved
2012-03-01 20:55:10  world saved
2012-03-01 20:56:10  world saved
2012-03-01 20:57:10  world saved
2012-03-01 20:58:10  world saved
2012-03-01 20:59:10  world saved
2012-03-01 21:00:10  world saved
2012-03-01 21:01:10  world saved
2012-03-01 21:02:10  world saved
2012-03-01 21:03:10  world saved
2012-03-01 21:04:10  world saved
2012-03-01 21:05:10  world saved
2012-03-01 21:06:10  world saved
2012-03-01 21:07:10  world saved
2012-03-01 21:08:10  world saved
2012-03-01 21:09:10  world saved
2012-03-01 21:10:10  world saved
2012-03-01 21:11:10  world saved
2012-03-01 21:12:10  world saved
2012-03-01 21:13:10  world saved
2012-03-01 21:14:10  world saved
2012-03-01 21:15:10  world saved
2012-03-01 21:16:10  world saved
2012-03-01 21:17:10  world saved
2012-03-01 21:18:10  world saved
2012-03-01 21:19:10  world saved
2012-03-01 21:20:10  world saved
2012-03-01 21:21:10  world saved
2012-03-01 21:22:10  world saved
2012-03-01 21:23:10  world saved
2012-03-01 21:24:10  world saved
2012-03-01 21:25:10  world saved
2012-03-01 21:26:10  world saved
2012-03-01 21:27:10  world saved
2012-03-01 21:28:10  world saved
2012-03-01 21:29:10  world saved
2012-03-01 21:30:10  world saved
2012-03-01 21:31:10  world saved
2012-03-01 21:32:10  world saved
2012-03-01 21:33:10  world saved
2012-03-01 21:34:10  world saved
2012-03-01 21:35:10  world saved
2012-03-01 21:36:10  world saved
2012-03-01 21:37:10  world saved
2012-03-01 21:38:10  world saved
2012-03-01 21:39:10  world saved
2012-03-01 21:40:10  world saved
2012-03-01 21:41:10  world saved
2012-03-01 21:42:10  world saved
2012-03-01 21:43:10  world saved
2012-03-01 21:44:10  world saved
2012-03-01 21:45:10  world saved
2012-03-01 21:46:10  world saved
2012-03-01 21:47:10  world saved
2012-03-01 21:48:10  world saved
2012-03-01 21:49:10  world saved
2012-03-01 21:50:10  world saved
2012-03-01 21:51:10  world saved
2012-03-01 21:52:10  world saved
2012-03-01 21:53:10  world saved
2012-03-01 21:54:10  world saved
2012-03-01 21:55:10  world saved
2012-03-01 21:56:10  world saved
2012-03-01 21:57:10  world saved
2012-03-01 21:58:10  world saved
2012-03-01 21:59:10  world saved
2012-03-01 22:00:10  world saved
2012-03-01 22:01:10  world saved
2012-03-01 22:02:10  world saved
2012-03-01 22:03:10  world saved
2012-03-01 22:04:10  world saved
2012-03-01 22:05:10  world saved
2012-03-01 22:06:10  world saved
2012-03-01 22:07:10  world saved
2012-03-01 22:08:10  world saved
2012-03-01 22:09:10  world saved
2012-03-01 22:10:10  world saved
2012-03-01 22:11:10  world saved
2012-03-01 22:12:10  world saved
2012-03-01 22:13:10  world saved
2012-03-01 22:14:10  world saved
2012-03-01 22:15:10  world saved
2012-03-01 22:16:10  world saved
2012-03-01 22:17:10  world saved
2012-03-01 22:18:10  world saved
2012-03-01 22:19:10  world saved
2012-03-01 22:20:10  world saved
2012-03-01 22:21:10  world saved
2012-03-01 22:22:10  world saved
2012-03-01 22:23:10  world saved
2012-03-01 22:24:10  world saved
2012-03-01 22:25:10  world saved
2012-03-01 22:26:10  world saved
2012-03-01 22:27:10  world saved
2012-03-01 22:28:10  world saved
2012-03-01 22:29:10  world saved
2012-03-01 22:30:10  world saved
2012-03-01 22:31:10  world saved
2012-03-01 22:32:10  world saved
2012-03-01 22:33:10  world saved
2012-03-01 22:34:10  world saved
2012-03-01 22:35:10  world saved
2012-03-01 22:36:10  world saved
2012-03-01 22:37:10  world saved
2012-03-01 22:38:10  world saved
2012-03-01 22:39:10  world saved
2012-03-01 22:40:10  world saved
2012-03-01 22:41:10  world saved
2012-03-01 22:42:10  world saved
2012-03-01 22:43:10  world saved
2012-03-01 22:44:10  world saved
2012-03-01 22:45:10  world saved
2012-03-01 22:46:10  world saved
2012-03-01 22:47:10  world saved
2012-03-01 22:48:10  world saved
2012-03-01 22:49:10  world saved
2012-03-01 22:50:10  world saved
2012-03-01 22:51:10  world saved
2012-03-01 22:52:10  world saved
2012-03-01 22:53:10  world saved
2012-03-01 22:54:10  world saved
2012-03-01 22:55:10  world saved
2012-03-01 22:56:10  world saved
2012-03-01 22:57:10  world saved
2012-03-01 22:58:10  world saved
2012-03-01 22:59:10  world saved
2012-03-01 23:00:10  world saved
2012-03-01 23:01:10  world saved
2012-03-01 23:02:10  world saved
2012-03-01 23:03:10  world saved
2012-03-01 23:04:10  world saved
2012-03-01 23:05:10  world saved
2012-03-01 23:06:10  world saved
2012-03-01 23:07:10  world saved
2012-03-01 23:08:10  world saved
2012-03-01 23:09:10  world saved
2012-03-01 23:10:10  world saved
2012-03-01 23:11:10  world saved
2012-03-01 23:12:10  world saved
2012-03-01 23:13:10  world saved
2012-03-01 23:14:10  world saved
2012-03-01 23:15:10  world saved
2012-03-01 23:16:10  world saved
2012-03-01 23:17:10  world saved
2012-03-01 23:18:10  world saved
2012-03-01 23:19:10  world saved
2012-03-01 23:20:10  world saved
2012-03-01 23:21:10  world saved
2012-03-01 23:22:10  world saved
2012-03-01 23:23:10  world saved
2012-03-01 23:24:10  world saved
2012-03-01 23:25:10  world saved
2012-03-01 23:26:10  world saved
2012-03-01 23:27:10  world saved
2012-03-01 23:28:10  world saved
2012-03-01 23:29:10  world saved
2012-03-01 23:30:10  world saved
2012-03-01 23:31:10  world saved
2012-03-01 23:32:10  world saved
2012-03-01 23:33:10  world saved
2012-03-01 23:34:10  world saved
2012-03-01 23:35:10  world saved
2012-03-01 23:36:10  world saved
2012-03-01 23:37:10  world saved
2012-03-01 23:38:10  world saved
2012-03-01 23:39:10  world saved
2012-03-01 23:40:10  world saved
2012-03-01 23:41:10  world saved
2012-03-01 23:42:10  world saved
2012-03-01 23:43:10  world saved
2012-03-01 23:44:10  world saved
2012-03-01 23:45:10  world saved
2012-03-01 23:46:10  world saved
2012-03-01 23:47:10  world saved
2012-03-01 23:48:10  world saved
2012-03-01 23:49:10  world saved
2012-03-01 23:50:10  world saved
2012-03-01 23:51:10  world saved
2012-03-01 23:52:10  world saved
2012-03-01 23:53:10  world saved
2012-03-01 23:54:10  world saved
2012-03-01 23:55:10  world saved
2012-03-01 23:56:10  world saved
2012-03-01 23:57:10  world saved
2012-03-01 23:58:10  world saved
2012-03-01 23:59:10  world saved
2012-03-02 00:00:10  world saved
2012-03-02 00:01:10  world saved
2012-03-02 00:02:10  world saved
2012-03-02 00:03:10  world saved
2012-03-02 00:04:10  world saved
2012-03-02 00:05:10  world saved
2012-03-02 00:06:10  world saved
2012-03-02 00:07:10  world saved
2012-03-02 00:08:10  world saved
2012-03-02 00:09:10  world saved
2012-03-02 00:10:10  world saved
2012-03-02 00:11:10  world saved
2012-03-02 00:12:10  world saved
2012-03-02 00:13:10  world saved
2012-03-02 00:14:10  world saved
2012-03-02 00:15:10  world saved
2012-03-02 00:16:10  world saved
2012-03-02 00:17:10  world saved
2012-03-02 00:18:10  world saved
2012-03-02 00:19:10  world saved
2012-03-02 00:20:10  world saved
2012-03-02 00:21:10  world saved
2012-03-02 00:22:10  world saved
2012-03-02 00:23:10  world saved
2012-03-02 00:24:10  world saved
2012-03-02 00:25:10  world saved
2012-03-02 00:26:10  world saved
2012-03-02 00:27:10  world saved
2012-03-02 00:28:10  world saved
2012-03-02 00:29:10  world saved
2012-03-02 00:30:10  world saved
2012-03-02 00:31:10  world saved
2012-03-02 00:32:10  world saved
2012-03-02 00:33:10  world saved
2012-03-02 00:34:10  world saved
2012-03-02 00:35:10  world saved
2012-03-02 00:36:10  world saved
2012-03-02 00:37:10  world saved
2012-03-02 00:38:10  world saved
2012-03-02 00:39:10  world saved
2012-03-02 00:40:10  world saved
2012-03-02 00:41:10  world saved
2012-03-02 00:42:10  world saved
2012-03-02 00:43:10  world saved
2012-03-02 00:44:10  world saved
2012-03-02 00:45:10  world saved
2012-03-02 00:46:10  world saved
2012-03-02 00:47:10  world saved
2012-03-02 00:48:10  world saved
2012-03-02 00:49:10  world saved
2012-03-02 00:50:10  world saved
2012-03-02 00:51:10  world saved
2012-03-02 00:52:10  world saved
2012-03-02 00:53:10  world saved
2012-03-02 00:54:10  world saved
2012-03-02 00:55:10  world saved
2012-03-02 00:56:10  world saved
2012-03-02 00:57:10  world saved
2012-03-02 00:58:10  world saved
2012-03-02 00:59:10  world saved
2012-03-02 01:00:10  world saved
2012-03-02 01:01:10  world saved
2012-03-02 01:02:10  world saved
2012-03-02 01:03:10  world saved
2012-03-02 01:04:10  world saved
2012-03-02 01:05:10  world saved
2012-03-02 01:06:10  world saved
2012-03-02 01:07:10  world saved
2012-03-02 01:08:10  world saved
2012-03-02 01:09:10  world saved
2012-03-02 01:10:10  world saved
2012-03-02 01:11:10  world saved
2012-03-02 01:12:10  world saved
2012-03-02 01:13:10  world saved
2012-03-02 01:14:10  world saved
2012-03-02 01:15:10  world saved
2012-03-02 01:16:10  world saved
2012-03-02 01:17:10  world saved
2012-03-02 01:18:10  world saved
2012-03-02 01:19:10  world saved
2012-03-02 01:20:10  world saved
2012-03-02 01:21:10  world saved
2012-03-02 01:22:10  world saved
2012-03-02 01:23:10  world saved
2012-03-02 01:24:10  world saved
2012-03-02 01:25:10  world saved
2012-03-02 01:26:10  world saved
2012-03-02 01:27:10  world saved
2012-03-02 01:28:10  world saved
2012-03-02 01:29:10  world saved
2012-03-02 01:30:10  world saved
2012-03-02 01:31:10  world saved
2012-03-02 01:32:10  world saved
2012-03-02 01:33:10  world saved
2012-03-02 01:34:10  world saved
2012-03-02 01:35:10  world saved
2012-03-02 01:36:10  world saved
2012-03-02 01:37:10  world saved
2012-03-02 01:38:10  world saved
2012-03-02 01:39:10  world saved
2012-03-02 01:39:41  NEW CLIENT! ALL: 0
2012-03-02 01:39:41  sending cross-domain-policy for sockets
2012-03-02 01:39:42  NEW CLIENT! ALL: 0
2012-03-02 01:39:42  GAME (IN DATA): zeonize_me 43е
{"you":1,"data":{"0":-1}}

{"cid":1,"nick":"43е"}

2012-03-02 01:39:42  LINK id1 WITH BLOCK0
2012-03-02 01:40:10  world saved
2012-03-02 01:41:10  world saved
2012-03-02 01:42:10  world saved
2012-03-02 01:43:10  world saved
2012-03-02 01:44:10  world saved
2012-03-02 01:45:10  world saved
2012-03-02 01:46:10  world saved
2012-03-02 01:47:10  world saved
2012-03-02 01:48:10  world saved
2012-03-02 01:49:10  world saved
2012-03-02 01:50:10  world saved
2012-03-02 01:51:10  world saved
2012-03-02 01:52:10  world saved
2012-03-02 01:53:10  world saved
2012-03-02 01:54:10  world saved
2012-03-02 01:55:10  world saved
2012-03-02 01:56:10  world saved
2012-03-02 01:57:10  world saved
2012-03-02 01:58:10  world saved
2012-03-02 01:59:10  world saved
2012-03-02 02:00:10  world saved
2012-03-02 02:01:10  world saved
2012-03-02 02:02:10  world saved
2012-03-02 02:03:10  world saved
2012-03-02 02:04:10  world saved
2012-03-02 02:05:10  world saved
2012-03-02 02:06:10  world saved
2012-03-02 02:07:10  world saved
2012-03-02 02:08:10  world saved
2012-03-02 02:09:10  world saved
2012-03-02 02:10:10  world saved
2012-03-02 02:11:10  world saved
2012-03-02 02:12:10  world saved
2012-03-02 02:13:10  world saved
2012-03-02 02:14:10  world saved
2012-03-02 02:15:10  world saved
2012-03-02 02:16:10  world saved
2012-03-02 02:17:10  world saved
2012-03-02 02:18:10  world saved
2012-03-02 02:19:10  world saved
2012-03-02 02:20:10  world saved
2012-03-02 02:21:10  world saved
2012-03-02 02:22:10  world saved
2012-03-02 02:23:10  world saved
2012-03-02 02:24:10  world saved
